0 info it worked if it ends with ok
1 verbose cli [ '/Users/Wataru/.nvm/versions/node/v6.10.3/bin/node',
1 verbose cli   '/Users/Wataru/.nvm/versions/node/v6.10.3/bin/npm',
1 verbose cli   'run',
1 verbose cli   'watch' ]
2 info using npm@3.10.10
3 info using node@v6.10.3
4 verbose run-script [ 'prewatch', 'watch', 'postwatch' ]
5 info lifecycle web-starter-kit@1.0.0~prewatch: web-starter-kit@1.0.0
6 silly lifecycle web-starter-kit@1.0.0~prewatch: no script for prewatch, continuing
7 info lifecycle web-starter-kit@1.0.0~watch: web-starter-kit@1.0.0
8 verbose lifecycle web-starter-kit@1.0.0~watch: unsafe-perm in lifecycle true
9 verbose lifecycle web-starter-kit@1.0.0~watch: PATH: /Users/Wataru/.nvm/versions/node/v6.10.3/lib/node_modules/npm/bin/node-gyp-bin:/Users/Wataru/codes/pajax_pra/node_modules/.bin:/Users/Wataru/.nvm/versions/node/v6.10.3/bin:/Users/Wataru/.rbenv/shims:/usr/local/bin:/usr/local/bin:/usr/bin:/bin:/usr/sbin:/sbin
10 verbose lifecycle web-starter-kit@1.0.0~watch: CWD: /Users/Wataru/codes/pajax_pra
11 silly lifecycle web-starter-kit@1.0.0~watch: Args: [ '-c', 'npm-run-all -p watch:*' ]
12 silly lifecycle web-starter-kit@1.0.0~watch: Returned: code: 1  signal: null
13 info lifecycle web-starter-kit@1.0.0~watch: Failed to exec watch script
14 verbose stack Error: web-starter-kit@1.0.0 watch: `npm-run-all -p watch:*`
14 verbose stack Exit status 1
14 verbose stack     at EventEmitter.<anonymous> (/Users/Wataru/.nvm/versions/node/v6.10.3/lib/node_modules/npm/lib/utils/lifecycle.js:255:16)
14 verbose stack     at emitTwo (events.js:106:13)
14 verbose stack     at EventEmitter.emit (events.js:191:7)
14 verbose stack     at ChildProcess.<anonymous> (/Users/Wataru/.nvm/versions/node/v6.10.3/lib/node_modules/npm/lib/utils/spawn.js:40:14)
14 verbose stack     at emitTwo (events.js:106:13)
14 verbose stack     at ChildProcess.emit (events.js:191:7)
14 verbose stack     at maybeClose (internal/child_process.js:886:16)
14 verbose stack     at Process.ChildProcess._handle.onexit (internal/child_process.js:226:5)
15 verbose pkgid web-starter-kit@1.0.0
16 verbose cwd /Users/Wataru/codes/pajax_pra
17 error Darwin 14.5.0
18 error argv "/Users/Wataru/.nvm/versions/node/v6.10.3/bin/node" "/Users/Wataru/.nvm/versions/node/v6.10.3/bin/npm" "run" "watch"
19 error node v6.10.3
20 error npm  v3.10.10
21 error code ELIFECYCLE
22 error web-starter-kit@1.0.0 watch: `npm-run-all -p watch:*`
22 error Exit status 1
23 error Failed at the web-starter-kit@1.0.0 watch script 'npm-run-all -p watch:*'.
23 error Make sure you have the latest version of node.js and npm installed.
23 error If you do, this is most likely a problem with the web-starter-kit package,
23 error not with npm itself.
23 error Tell the author that this fails on your system:
23 error     npm-run-all -p watch:*
23 error You can get information on how to open an issue for this project with:
23 error     npm bugs web-starter-kit
23 error Or if that isn't available, you can get their info via:
23 error     npm owner ls web-starter-kit
23 error There is likely additional logging output above.
24 verbose exit [ 1, true ]
